10:42:40.248 request:
1 > GET http://172.16.3.39:9090/hotels/book/v1/JAQ/availability?date_check_in=2021-12-23&date_check_out=2021-12-25&adults_count=2&children_count=0&infants_count=0
1 > Accept-Encoding: gzip,deflate
1 > Connection: Keep-Alive
1 > Host: 172.16.3.39:9090
1 > User-Agent: Apache-HttpClient/4.5.12 (Java/1.8.0_241)

10:42:41.713 response time in milliseconds: 1278.90
1 < 200
1 < Connection: keep-alive
1 < Content-Length: 26455
1 < Content-Type: application/json; charset=utf-8
1 < Date: Sun, 21 Mar 2021 05:12:39 GMT
{"success":true,"rate_plans":[{"plan_code":"DAPR","plan_title":"Advance Purchase Rate","plan_desc":"WIFI|Complimentary Wi-Fi</n>\r\nWADI|Free unlimited access to Wild Wadi waterpark™</n>\r\nPARK|Free parking","plan_features":[{"code":"WIFI","desc":"Complimentary Wi-Fi\r"},{"code":"WADI","desc":"Free unlimited access to Wild Wadi waterpark™\r"},{"code":"PARK","desc":"Free parking"}],"guarantee_policy":{"policy_text":"A non-refundable deposit for all nights including taxes will be charged to your credit card at the time of booking","guarantee_percentage":100,"deadline_time":"AfterBooking","deadline_time_unit":"Day","deadline_time_unit_multiplier":0,"policy_code":"DN-100PCT"},"cancellation_policy":{"policy_text":"Reservation must be cancelled 7 days prior to arrival to avoid penalty of 100% stay including tax","penalty_percentage":100,"penalty_inclusive_tax":true,"offset_deadline_time":"BeforeArrival","offset_deadline_time_unit":"Day","offset_deadline_time_unit_multiplier":7,"policy_code":"7DAYS-100PCT"},"breakfast_included":false},{"plan_code":"BBAR","plan_title":"Best Available Rate","plan_desc":"WADI|Free unlimited access to Wild Wadi waterpark™.</n>\r\nICON|Mandatory Gala Dinner will be charged separately for all stays over 31 December 2019 directly at the hotel. Gala dinner prices include taxes.</n>\r\n$$$$|Testing content 1</n>\r\nICON|Adults 16 years and above: starting from AED 1,300.</n>\r\nICON|Children 4-15 years old: starting from AED 650.</n>\r\n$$$$| Testing content 2</n>\r\nICON|Children 0-3 years old: complimentary.</n>","plan_features":[{"code":"WADI","desc":"Free unlimited access to Wild Wadi waterpark™.\r"},{"code":"ICON","desc":"Mandatory Gala Dinner will be charged separately for all stays over 31 December 2019 directly at the hotel. Gala dinner prices include taxes.\r"},{"code":"$$$$","desc":"Testing content 1\r"},{"code":"ICON","desc":"Adults 16 years and above: starting from AED 1,300.\r"},{"code":"ICON","desc":"Children 4-15 years old: starting from AED 650.\r"},{"code":"$$$$","desc":" Testing content 2\r"},{"code":"ICON","desc":"Children 0-3 years old: complimentary."}],"guarantee_policy":{"policy_text":null,"policy_code":null},"cancellation_policy":{"policy_text":"Reservation must be cancelled 7 days prior to arrival to avoid penalty of 100% stay including tax","penalty_percentage":100,"penalty_inclusive_tax":true,"offset_deadline_time":"BeforeArrival","offset_deadline_time_unit":"Day","offset_deadline_time_unit_multiplier":7,"policy_code":"7DAYS-100PCT"},"breakfast_included":false},{"plan_code":"PBNB","plan_title":"Bed and Breakfast","plan_desc":"MEAL|Buffet breakfast included</n>\r\nWIFI|Complimentary Wi-Fi</n>\r\nWADI|Free unlimited access to Wild Wadi waterpark™</n>\r\nPARK|Free parking","plan_features":[{"code":"MEAL","desc":"Buffet breakfast included\r"},{"code":"WIFI","desc":"Complimentary Wi-Fi\r"},{"code":"WADI","desc":"Free unlimited access to Wild Wadi waterpark™\r"},{"code":"PARK","desc":"Free parking"}],"guarantee_policy":{"policy_text":null,"policy_code":null},"cancellation_policy":{"policy_text":"Reservation must be cancelled 7 days prior to arrival to avoid penalty of 100% stay including tax","penalty_percentage":100,"penalty_inclusive_tax":true,"offset_deadline_time":"BeforeArrival","offset_deadline_time_unit":"Day","offset_deadline_time_unit_multiplier":7,"policy_code":"7DAYS-100PCT"},"breakfast_included":true},{"plan_code":"LPSGO0","plan_title":"Jumeirah Flavours","plan_desc":"MEAL|Breakfast included. Choice of lunch or dinner in over 40 participating restaurants in Dubai</n>\r\nWIFI|Complimentary Wi-Fi</n>\r\nWADI|Free unlimited access to Wild Wadi waterpark™</n>\r\nPARK|Free parking","plan_features":[{"code":"MEAL","desc":"Breakfast included. Choice of lunch or dinner in over 40 participating restaurants in Dubai\r"},{"code":"WIFI","desc":"Complimentary Wi-Fi\r"},{"code":"WADI","desc":"Free unlimited access to Wild Wadi waterpark™\r"},{"code":"PARK","desc":"Free parking"}],"guarantee_policy":{"policy_text":null,"policy_code":null},"cancellation_policy":{"policy_text":"Reservation must be cancelled 7 days prior to arrival to avoid penalty of 100% stay including tax","penalty_percentage":100,"penalty_inclusive_tax":true,"offset_deadline_time":"BeforeArrival","offset_deadline_time_unit":"Day","offset_deadline_time_unit_multiplier":7,"policy_code":"7DAYS-100PCT"},"breakfast_included":true}],"availablity_price":[{"room_type_code":"K1DAA","available_plans":[{"rate_plan_code":"DAPR","total_amount_before_tax":2800,"total_amount_after_tax":3234,"total_tax_amount":434,"cancellation_policy":{"policy_text":"Reservation must be cancelled 7 days prior to arrival to avoid penalty of 100% stay including tax","penalty_amount":3234,"currency_code":"AED","penalty_inclusive_tax":true,"offset_deadline_time":"BeforeArrival","offset_deadline_time_unit":"Day","offset_deadline_time_unit_multiplier":7,"policy_code":"7DAYS-100PCT","cancellation_allowed":true},"guarantee_policy":{"policy_text":"A non-refundable deposit for all nights including taxes will be charged to your credit card at the time of booking","guarantee_amount":3234,"currency_code":"AED","deadline_time":"AfterBooking","deadline_time_unit":"Day","deadline_time_unit_multiplier":0,"policy_code":"DN-100PCT"},"taxes":[{"amount":140,"tax_name":"Service Charge","ota_tax_code":14,"charge_frequency":1,"date":"2020-12-23Z"},{"amount":77,"tax_name":"Value Added Tax","ota_tax_code":1,"charge_frequency":1,"date":"2020-12-23Z"}],"nightly_rates":[{"date":"2020-12-23Z","fee":0,"price":1400,"tax":217,"total":1617},{"date":"2020-12-24Z","fee":0,"price":1400,"tax":217,"total":1617}],"currency_code":"AED","rate_plan_name":"Advance Purchase Rate","rate_plan_desc":"WIFI|Complimentary Wi-Fi</n>\r\nWADI|Free unlimited access to Wild Wadi waterpark™</n>\r\nPARK|Free parking","promo_code_applied":false},{"rate_plan_code":"BBAR","total_amount_before_tax":2400,"total_amount_after_tax":2772,"total_tax_amount":372,"cancellation_policy":{"policy_text":"Reservation must be cancelled 7 days prior to arrival to avoid penalty of 100% stay including tax","penalty_amount":2772,"currency_code":"AED","penalty_inclusive_tax":true,"offset_deadline_time":"BeforeArrival","offset_deadline_time_unit":"Day","offset_deadline_time_unit_multiplier":7,"policy_code":"7DAYS-100PCT","cancellation_allowed":true},"guarantee_policy":{"policy_text":null,"policy_code":null},"taxes":[{"amount":120,"tax_name":"Service Charge","ota_tax_code":14,"charge_frequency":1,"date":"2020-12-23Z"},{"amount":66,"tax_name":"Value Added Tax","ota_tax_code":1,"charge_frequency":1,"date":"2020-12-23Z"}],"nightly_rates":[{"date":"2020-12-23Z","fee":0,"price":1200,"tax":186,"total":1386},{"date":"2020-12-24Z","fee":0,"price":1200,"tax":186,"total":1386}],"currency_code":"AED","rate_plan_name":"Best Available Rate","rate_plan_desc":"WADI|Free unlimited access to Wild Wadi waterpark™.</n>\r\nICON|Mandatory Gala Dinner will be charged separately for all stays over 31 December 2019 directly at the hotel. Gala dinner prices include taxes.</n>\r\n$$$$|Testing content 1</n>\r\nICON|Adults 16 years and above: starting from AED 1,300.</n>\r\nICON|Children 4-15 years old: starting from AED 650.</n>\r\n$$$$| Testing content 2</n>\r\nICON|Children 0-3 years old: complimentary.</n>","promo_code_applied":false},{"rate_plan_code":"PBNB","total_amount_before_tax":4125,"total_amount_after_tax":4764.38,"total_tax_amount":639.38,"cancellation_policy":{"policy_text":"Reservation must be cancelled 7 days prior to arrival to avoid penalty of 100% stay including tax","penalty_amount":4764.38,"currency_code":"AED","penalty_inclusive_tax":true,"offset_deadline_time":"BeforeArrival","offset_deadline_time_unit":"Day","offset_deadline_time_unit_multiplier":7,"policy_code":"7DAYS-100PCT","cancellation_allowed":true},"guarantee_policy":{"policy_text":null,"policy_code":null},"taxes":[{"amount":206.25,"tax_name":"Service Charge","ota_tax_code":14,"charge_frequency":1,"date":"2020-12-23Z"},{"amount":113.44,"tax_name":"Value Added Tax","ota_tax_code":1,"charge_frequency":1,"date":"2020-12-23Z"}],"nightly_rates":[{"date":"2020-12-23Z","fee":0,"price":2062.5,"tax":319.69,"total":2382.19},{"date":"2020-12-24Z","fee":0,"price":2062.5,"tax":319.69,"total":2382.19}],"currency_code":"AED","rate_plan_name":"Bed and Breakfast","rate_plan_desc":"MEAL|Buffet breakfast included</n>\r\nWIFI|Complimentary Wi-Fi</n>\r\nWADI|Free unlimited access to Wild Wadi waterpark™</n>\r\nPARK|Free parking","promo_code_applied":false},{"rate_plan_code":"LPSGO0","total_amount_before_tax":2400,"total_amount_after_tax":2772,"total_tax_amount":372,"cancellation_policy":{"policy_text":"Reservation must be cancelled 7 days prior to arrival to avoid penalty of 100% stay including tax","penalty_amount":2772,"currency_code":"AED","penalty_inclusive_tax":true,"offset_deadline_time":"BeforeArrival","offset_deadline_time_unit":"Day","offset_deadline_time_unit_multiplier":7,"policy_code":"7DAYS-100PCT","cancellation_allowed":true},"guarantee_policy":{"policy_text":null,"policy_code":null},"taxes":[{"amount":120,"tax_name":"Service Charge","ota_tax_code":14,"charge_frequency":1,"date":"2020-12-23Z"},{"amount":66,"tax_name":"Value Added Tax","ota_tax_code":1,"charge_frequency":1,"date":"2020-12-23Z"}],"nightly_rates":[{"date":"2020-12-23Z","fee":0,"price":1200,"tax":186,"total":1386},{"date":"2020-12-24Z","fee":0,"price":1200,"tax":186,"total":1386}],"currency_code":"AED","rate_plan_name":"Jumeirah Flavours","rate_plan_desc":"MEAL|Breakfast included. Choice of lunch or dinner in over 40 participating restaurants in Dubai</n>\r\nWIFI|Complimentary Wi-Fi</n>\r\nWADI|Free unlimited access to Wild Wadi waterpark™</n>\r\nPARK|Free parking","promo_code_applied":false}]},{"room_type_code":"K1DOA","available_plans":[{"rate_plan_code":"DAPR","total_amount_before_tax":3000,"total_amount_after_tax":3465,"total_tax_amount":465,"cancellation_policy":{"policy_text":"Reservation must be cancelled 7 days prior to arrival to avoid penalty of 100% stay including tax","penalty_amount":3465,"currency_code":"AED","penalty_inclusive_tax":true,"offset_deadline_time":"BeforeArrival","offset_deadline_time_unit":"Day","offset_deadline_time_unit_multiplier":7,"policy_code":"7DAYS-100PCT","cancellation_allowed":true},"guarantee_policy":{"policy_text":"A non-refundable deposit for all nights including taxes will be charged to your credit card at the time of booking","guarantee_amount":3465,"currency_code":"AED","deadline_time":"AfterBooking","deadline_time_unit":"Day","deadline_time_unit_multiplier":0,"policy_code":"DN-100PCT"},"taxes":[{"amount":150,"tax_name":"Service Charge","ota_tax_code":14,"charge_frequency":1,"date":"2020-12-23Z"},{"amount":82.5,"tax_name":"Value Added Tax","ota_tax_code":1,"charge_frequency":1,"date":"2020-12-23Z"}],"nightly_rates":[{"date":"2020-12-23Z","fee":0,"price":1500,"tax":232.5,"total":1732.5},{"date":"2020-12-24Z","fee":0,"price":1500,"tax":232.5,"total":1732.5}],"currency_code":"AED","rate_plan_name":"Advance Purchase Rate","rate_plan_desc":"WIFI|Complimentary Wi-Fi</n>\r\nWADI|Free unlimited access to Wild Wadi waterpark™</n>\r\nPARK|Free parking","promo_code_applied":false},{"rate_plan_code":"BBAR","total_amount_before_tax":2600,"total_amount_after_tax":3003,"total_tax_amount":403,"cancellation_policy":{"policy_text":"Reservation must be cancelled 7 days prior to arrival to avoid penalty of 100% stay including tax","penalty_amount":3003,"currency_code":"AED","penalty_inclusive_tax":true,"offset_deadline_time":"BeforeArrival","offset_deadline_time_unit":"Day","offset_deadline_time_unit_multiplier":7,"policy_code":"7DAYS-100PCT","cancellation_allowed":true},"guarantee_policy":{"policy_text":null,"policy_code":null},"taxes":[{"amount":130,"tax_name":"Service Charge","ota_tax_code":14,"charge_frequency":1,"date":"2020-12-23Z"},{"amount":71.5,"tax_name":"Value Added Tax","ota_tax_code":1,"charge_frequency":1,"date":"2020-12-23Z"}],"nightly_rates":[{"date":"2020-12-23Z","fee":0,"price":1300,"tax":201.5,"total":1501.5},{"date":"2020-12-24Z","fee":0,"price":1300,"tax":201.5,"total":1501.5}],"currency_code":"AED","rate_plan_name":"Best Available Rate","rate_plan_desc":"WADI|Free unlimited access to Wild Wadi waterpark™.</n>\r\nICON|Mandatory Gala Dinner will be charged separately for all stays over 31 December 2019 directly at the hotel. Gala dinner prices include taxes.</n>\r\n$$$$|Testing content 1</n>\r\nICON|Adults 16 years and above: starting from AED 1,300.</n>\r\nICON|Children 4-15 years old: starting from AED 650.</n>\r\n$$$$| Testing content 2</n>\r\nICON|Children 0-3 years old: complimentary.</n>","promo_code_applied":false},{"rate_plan_code":"PBNB","total_amount_before_tax":4375,"total_amount_after_tax":5053.12,"total_tax_amount":678.12,"cancellation_policy":{"policy_text":"Reservation must be cancelled 7 days prior to arrival to avoid penalty of 100% stay including tax","penalty_amount":5053.12,"currency_code":"AED","penalty_inclusive_tax":true,"offset_deadline_time":"BeforeArrival","offset_deadline_time_unit":"Day","offset_deadline_time_unit_multiplier":7,"policy_code":"7DAYS-100PCT","cancellation_allowed":true},"guarantee_policy":{"policy_text":null,"policy_code":null},"taxes":[{"amount":218.75,"tax_name":"Service Charge","ota_tax_code":14,"charge_frequency":1,"date":"2020-12-23Z"},{"amount":120.31,"tax_name":"Value Added Tax","ota_tax_code":1,"charge_frequency":1,"date":"2020-12-23Z"}],"nightly_rates":[{"date":"2020-12-23Z","fee":0,"price":2187.5,"tax":339.06,"total":2526.56},{"date":"2020-12-24Z","fee":0,"price":2187.5,"tax":339.06,"total":2526.56}],"currency_code":"AED","rate_plan_name":"Bed and Breakfast","rate_plan_desc":"MEAL|Buffet breakfast included</n>\r\nWIFI|Complimentary Wi-Fi</n>\r\nWADI|Free unlimited access to Wild Wadi waterpark™</n>\r\nPARK|Free parking","promo_code_applied":false},{"rate_plan_code":"LPSGO0","total_amount_before_tax":2600,"total_amount_after_tax":3003,"total_tax_amount":403,"cancellation_policy":{"policy_text":"Reservation must be cancelled 7 days prior to arrival to avoid penalty of 100% stay including tax","penalty_amount":3003,"currency_code":"AED","penalty_inclusive_tax":true,"offset_deadline_time":"BeforeArrival","offset_deadline_time_unit":"Day","offset_deadline_time_unit_multiplier":7,"policy_code":"7DAYS-100PCT","cancellation_allowed":true},"guarantee_policy":{"policy_text":null,"policy_code":null},"taxes":[{"amount":130,"tax_name":"Service Charge","ota_tax_code":14,"charge_frequency":1,"date":"2020-12-23Z"},{"amount":71.5,"tax_name":"Value Added Tax","ota_tax_code":1,"charge_frequency":1,"date":"2020-12-23Z"}],"nightly_rates":[{"date":"2020-12-23Z","fee":0,"price":1300,"tax":201.5,"total":1501.5},{"date":"2020-12-24Z","fee":0,"price":1300,"tax":201.5,"total":1501.5}],"currency_code":"AED","rate_plan_name":"Jumeirah Flavours","rate_plan_desc":"MEAL|Breakfast included. Choice of lunch or dinner in over 40 participating restaurants in Dubai</n>\r\nWIFI|Complimentary Wi-Fi</n>\r\nWADI|Free unlimited access to Wild Wadi waterpark™</n>\r\nPARK|Free parking","promo_code_applied":false}]},{"room_type_code":"Z1JAA","available_plans":[{"rate_plan_code":"BBAR","total_amount_before_tax":4000,"total_amount_after_tax":4620,"total_tax_amount":620,"cancellation_policy":{"policy_text":"Reservation must be cancelled 7 days prior to arrival to avoid penalty of 100% stay including tax","penalty_amount":4620,"currency_code":"AED","penalty_inclusive_tax":true,"offset_deadline_time":"BeforeArrival","offset_deadline_time_unit":"Day","offset_deadline_time_unit_multiplier":7,"policy_code":"7DAYS-100PCT","cancellation_allowed":true},"guarantee_policy":{"policy_text":null,"policy_code":null},"taxes":[{"amount":200,"tax_name":"Service Charge","ota_tax_code":14,"charge_frequency":1,"date":"2020-12-23Z"},{"amount":110,"tax_name":"Value Added Tax","ota_tax_code":1,"charge_frequency":1,"date":"2020-12-23Z"}],"nightly_rates":[{"date":"2020-12-23Z","fee":0,"price":2000,"tax":310,"total":2310},{"date":"2020-12-24Z","fee":0,"price":2000,"tax":310,"total":2310}],"currency_code":"AED","rate_plan_name":"Best Available Rate","rate_plan_desc":"WADI|Free unlimited access to Wild Wadi waterpark™.</n>\r\nICON|Mandatory Gala Dinner will be charged separately for all stays over 31 December 2019 directly at the hotel. Gala dinner prices include taxes.</n>\r\n$$$$|Testing content 1</n>\r\nICON|Adults 16 years and above: starting from AED 1,300.</n>\r\nICON|Children 4-15 years old: starting from AED 650.</n>\r\n$$$$| Testing content 2</n>\r\nICON|Children 0-3 years old: complimentary.</n>","promo_code_applied":false},{"rate_plan_code":"LPSGO0","total_amount_before_tax":4000,"total_amount_after_tax":4620,"total_tax_amount":620,"cancellation_policy":{"policy_text":"Reservation must be cancelled 7 days prior to arrival to avoid penalty of 100% stay including tax","penalty_amount":4620,"currency_code":"AED","penalty_inclusive_tax":true,"offset_deadline_time":"BeforeArrival","offset_deadline_time_unit":"Day","offset_deadline_time_unit_multiplier":7,"policy_code":"7DAYS-100PCT","cancellation_allowed":true},"guarantee_policy":{"policy_text":null,"policy_code":null},"taxes":[{"amount":200,"tax_name":"Service Charge","ota_tax_code":14,"charge_frequency":1,"date":"2020-12-23Z"},{"amount":110,"tax_name":"Value Added Tax","ota_tax_code":1,"charge_frequency":1,"date":"2020-12-23Z"}],"nightly_rates":[{"date":"2020-12-23Z","fee":0,"price":2000,"tax":310,"total":2310},{"date":"2020-12-24Z","fee":0,"price":2000,"tax":310,"total":2310}],"currency_code":"AED","rate_plan_name":"Jumeirah Flavours","rate_plan_desc":"MEAL|Breakfast included. Choice of lunch or dinner in over 40 participating restaurants in Dubai</n>\r\nWIFI|Complimentary Wi-Fi</n>\r\nWADI|Free unlimited access to Wild Wadi waterpark™</n>\r\nPARK|Free parking","promo_code_applied":false}]},{"room_type_code":"Z1JOA","available_plans":[{"rate_plan_code":"BBAR","total_amount_before_tax":4400,"total_amount_after_tax":5082,"total_tax_amount":682,"cancellation_policy":{"policy_text":"Reservation must be cancelled 7 days prior to arrival to avoid penalty of 100% stay including tax","penalty_amount":5082,"currency_code":"AED","penalty_inclusive_tax":true,"offset_deadline_time":"BeforeArrival","offset_deadline_time_unit":"Day","offset_deadline_time_unit_multiplier":7,"policy_code":"7DAYS-100PCT","cancellation_allowed":true},"guarantee_policy":{"policy_text":null,"policy_code":null},"taxes":[{"amount":220,"tax_name":"Service Charge","ota_tax_code":14,"charge_frequency":1,"date":"2020-12-23Z"},{"amount":121,"tax_name":"Value Added Tax","ota_tax_code":1,"charge_frequency":1,"date":"2020-12-23Z"}],"nightly_rates":[{"date":"2020-12-23Z","fee":0,"price":2200,"tax":341,"total":2541},{"date":"2020-12-24Z","fee":0,"price":2200,"tax":341,"total":2541}],"currency_code":"AED","rate_plan_name":"Best Available Rate","rate_plan_desc":"WADI|Free unlimited access to Wild Wadi waterpark™.</n>\r\nICON|Mandatory Gala Dinner will be charged separately for all stays over 31 December 2019 directly at the hotel. Gala dinner prices include taxes.</n>\r\n$$$$|Testing content 1</n>\r\nICON|Adults 16 years and above: starting from AED 1,300.</n>\r\nICON|Children 4-15 years old: starting from AED 650.</n>\r\n$$$$| Testing content 2</n>\r\nICON|Children 0-3 years old: complimentary.</n>","promo_code_applied":false}]},{"room_type_code":"Z1AVA","available_plans":[{"rate_plan_code":"BBAR","total_amount_before_tax":10000,"total_amount_after_tax":11550,"total_tax_amount":1550,"cancellation_policy":{"policy_text":"Reservation must be cancelled 7 days prior to arrival to avoid penalty of 100% stay including tax","penalty_amount":11550,"currency_code":"AED","penalty_inclusive_tax":true,"offset_deadline_time":"BeforeArrival","offset_deadline_time_unit":"Day","offset_deadline_time_unit_multiplier":7,"policy_code":"7DAYS-100PCT","cancellation_allowed":true},"guarantee_policy":{"policy_text":null,"policy_code":null},"taxes":[{"amount":500,"tax_name":"Service Charge","ota_tax_code":14,"charge_frequency":1,"date":"2020-12-23Z"},{"amount":275,"tax_name":"Value Added Tax","ota_tax_code":1,"charge_frequency":1,"date":"2020-12-23Z"}],"nightly_rates":[{"date":"2020-12-23Z","fee":0,"price":5000,"tax":775,"total":5775},{"date":"2020-12-24Z","fee":0,"price":5000,"tax":775,"total":5775}],"currency_code":"AED","rate_plan_name":"Best Available Rate","rate_plan_desc":"WADI|Free unlimited access to Wild Wadi waterpark™.</n>\r\nICON|Mandatory Gala Dinner will be charged separately for all stays over 31 December 2019 directly at the hotel. Gala dinner prices include taxes.</n>\r\n$$$$|Testing content 1</n>\r\nICON|Adults 16 years and above: starting from AED 1,300.</n>\r\nICON|Children 4-15 years old: starting from AED 650.</n>\r\n$$$$| Testing content 2</n>\r\nICON|Children 0-3 years old: complimentary.</n>","promo_code_applied":false},{"rate_plan_code":"LPSGO0","total_amount_before_tax":10000,"total_amount_after_tax":11550,"total_tax_amount":1550,"cancellation_policy":{"policy_text":"Reservation must be cancelled 7 days prior to arrival to avoid penalty of 100% stay including tax","penalty_amount":11550,"currency_code":"AED","penalty_inclusive_tax":true,"offset_deadline_time":"BeforeArrival","offset_deadline_time_unit":"Day","offset_deadline_time_unit_multiplier":7,"policy_code":"7DAYS-100PCT","cancellation_allowed":true},"guarantee_policy":{"policy_text":null,"policy_code":null},"taxes":[{"amount":500,"tax_name":"Service Charge","ota_tax_code":14,"charge_frequency":1,"date":"2020-12-23Z"},{"amount":275,"tax_name":"Value Added Tax","ota_tax_code":1,"charge_frequency":1,"date":"2020-12-23Z"}],"nightly_rates":[{"date":"2020-12-23Z","fee":0,"price":5000,"tax":775,"total":5775},{"date":"2020-12-24Z","fee":0,"price":5000,"tax":775,"total":5775}],"currency_code":"AED","rate_plan_name":"Jumeirah Flavours","rate_plan_desc":"MEAL|Breakfast included. Choice of lunch or dinner in over 40 participating restaurants in Dubai</n>\r\nWIFI|Complimentary Wi-Fi</n>\r\nWADI|Free unlimited access to Wild Wadi waterpark™</n>\r\nPARK|Free parking","promo_code_applied":false}]},{"room_type_code":"Z1OVA","available_plans":[{"rate_plan_code":"BBAR","total_amount_before_tax":14000,"total_amount_after_tax":16170,"total_tax_amount":2170,"cancellation_policy":{"policy_text":"Full prepayment at the time of booking. No refunds for any cancellation-modification or no-show. 100% cancellation fee","penalty_amount":16170,"currency_code":"AED","penalty_inclusive_tax":true,"policy_code":"NON-100PCT","cancellation_allowed":false},"guarantee_policy":{"policy_text":null,"policy_code":null},"taxes":[{"amount":700,"tax_name":"Service Charge","ota_tax_code":14,"charge_frequency":1,"date":"2020-12-23Z"},{"amount":385,"tax_name":"Value Added Tax","ota_tax_code":1,"charge_frequency":1,"date":"2020-12-23Z"}],"nightly_rates":[{"date":"2020-12-23Z","fee":0,"price":7000,"tax":1085,"total":8085},{"date":"2020-12-24Z","fee":0,"price":7000,"tax":1085,"total":8085}],"currency_code":"AED","rate_plan_name":"Best Available Rate","rate_plan_desc":"WADI|Free unlimited access to Wild Wadi waterpark™.</n>\r\nICON|Mandatory Gala Dinner will be charged separately for all stays over 31 December 2019 directly at the hotel. Gala dinner prices include taxes.</n>\r\n$$$$|Testing content 1</n>\r\nICON|Adults 16 years and above: starting from AED 1,300.</n>\r\nICON|Children 4-15 years old: starting from AED 650.</n>\r\n$$$$| Testing content 2</n>\r\nICON|Children 0-3 years old: complimentary.</n>","promo_code_applied":false},{"rate_plan_code":"LPSGO0","total_amount_before_tax":14000,"total_amount_after_tax":16170,"total_tax_amount":2170,"cancellation_policy":{"policy_text":"Reservation must be cancelled 7 days prior to arrival to avoid penalty of 100% stay including tax","penalty_amount":16170,"currency_code":"AED","penalty_inclusive_tax":true,"offset_deadline_time":"BeforeArrival","offset_deadline_time_unit":"Day","offset_deadline_time_unit_multiplier":7,"policy_code":"7DAYS-100PCT","cancellation_allowed":true},"guarantee_policy":{"policy_text":null,"policy_code":null},"taxes":[{"amount":700,"tax_name":"Service Charge","ota_tax_code":14,"charge_frequency":1,"date":"2020-12-23Z"},{"amount":385,"tax_name":"Value Added Tax","ota_tax_code":1,"charge_frequency":1,"date":"2020-12-23Z"}],"nightly_rates":[{"date":"2020-12-23Z","fee":0,"price":7000,"tax":1085,"total":8085},{"date":"2020-12-24Z","fee":0,"price":7000,"tax":1085,"total":8085}],"currency_code":"AED","rate_plan_name":"Jumeirah Flavours","rate_plan_desc":"MEAL|Breakfast included. Choice of lunch or dinner in over 40 participating restaurants in Dubai</n>\r\nWIFI|Complimentary Wi-Fi</n>\r\nWADI|Free unlimited access to Wild Wadi waterpark™</n>\r\nPARK|Free parking","promo_code_applied":false}]},{"room_type_code":"Z2POA","available_plans":[{"rate_plan_code":"BBAR","total_amount_before_tax":20000,"total_amount_after_tax":23100,"total_tax_amount":3100,"cancellation_policy":{"policy_text":"Reservation must be cancelled 7 days prior to arrival to avoid penalty of 100% stay including tax","penalty_amount":23100,"currency_code":"AED","penalty_inclusive_tax":true,"offset_deadline_time":"BeforeArrival","offset_deadline_time_unit":"Day","offset_deadline_time_unit_multiplier":7,"policy_code":"7DAYS-100PCT","cancellation_allowed":true},"guarantee_policy":{"policy_text":null,"policy_code":null},"taxes":[{"amount":1000,"tax_name":"Service Charge","ota_tax_code":14,"charge_frequency":1,"date":"2020-12-23Z"},{"amount":550,"tax_name":"Value Added Tax","ota_tax_code":1,"charge_frequency":1,"date":"2020-12-23Z"}],"nightly_rates":[{"date":"2020-12-23Z","fee":0,"price":10000,"tax":1550,"total":11550},{"date":"2020-12-24Z","fee":0,"price":10000,"tax":1550,"total":11550}],"currency_code":"AED","rate_plan_name":"Best Available Rate","rate_plan_desc":"WADI|Free unlimited access to Wild Wadi waterpark™.</n>\r\nICON|Mandatory Gala Dinner will be charged separately for all stays over 31 December 2019 directly at the hotel. Gala dinner prices include taxes.</n>\r\n$$$$|Testing content 1</n>\r\nICON|Adults 16 years and above: starting from AED 1,300.</n>\r\nICON|Children 4-15 years old: starting from AED 650.</n>\r\n$$$$| Testing content 2</n>\r\nICON|Children 0-3 years old: complimentary.</n>","promo_code_applied":false}]}]}

10:42:41.738 [print] {
  "rate_plans": [
    {
      "guarantee_policy": {
        "deadline_time_unit_multiplier": 0,
        "deadline_time_unit": "Day",
        "guarantee_percentage": 100,
        "policy_code": "DN-100PCT",
        "deadline_time": "AfterBooking",
        "policy_text": "A non-refundable deposit for all nights including taxes will be charged to your credit card at the time of booking"
      },
      "plan_title": "Advance Purchase Rate",
      "plan_code": "DAPR",
      "cancellation_policy": {
        "offset_deadline_time_unit": "Day",
        "offset_deadline_time_unit_multiplier": 7,
        "policy_code": "7DAYS-100PCT",
        "penalty_inclusive_tax": true,
        "penalty_percentage": 100,
        "offset_deadline_time": "BeforeArrival",
        "policy_text": "Reservation must be cancelled 7 days prior to arrival to avoid penalty of 100% stay including tax"
      },
      "plan_desc": "WIFI|Complimentary Wi-Fi</n>\r\nWADI|Free unlimited access to Wild Wadi waterpark™</n>\r\nPARK|Free parking",
      "plan_features": [
        {
          "code": "WIFI",
          "desc": "Complimentary Wi-Fi\r"
        },
        {
          "code": "WADI",
          "desc": "Free unlimited access to Wild Wadi waterpark™\r"
        },
        {
          "code": "PARK",
          "desc": "Free parking"
        }
      ],
      "breakfast_included": false
    },
    {
      "guarantee_policy": {
        "policy_code": null,
        "policy_text": null
      },
      "plan_title": "Best Available Rate",
      "plan_code": "BBAR",
      "cancellation_policy": {
        "offset_deadline_time_unit": "Day",
        "offset_deadline_time_unit_multiplier": 7,
        "policy_code": "7DAYS-100PCT",
        "penalty_inclusive_tax": true,
        "penalty_percentage": 100,
        "offset_deadline_time": "BeforeArrival",
        "policy_text": "Reservation must be cancelled 7 days prior to arrival to avoid penalty of 100% stay including tax"
      },
      "plan_desc": "WADI|Free unlimited access to Wild Wadi waterpark™.</n>\r\nICON|Mandatory Gala Dinner will be charged separately for all stays over 31 December 2019 directly at the hotel. Gala dinner prices include taxes.</n>\r\n$$$$|Testing content 1</n>\r\nICON|Adults 16 years and above: starting from AED 1,300.</n>\r\nICON|Children 4-15 years old: starting from AED 650.</n>\r\n$$$$| Testing content 2</n>\r\nICON|Children 0-3 years old: complimentary.</n>",
      "plan_features": [
        {
          "code": "WADI",
          "desc": "Free unlimited access to Wild Wadi waterpark™.\r"
        },
        {
          "code": "ICON",
          "desc": "Mandatory Gala Dinner will be charged separately for all stays over 31 December 2019 directly at the hotel. Gala dinner prices include taxes.\r"
        },
        {
          "code": "$$$$",
          "desc": "Testing content 1\r"
        },
        {
          "code": "ICON",
          "desc": "Adults 16 years and above: starting from AED 1,300.\r"
        },
        {
          "code": "ICON",
          "desc": "Children 4-15 years old: starting from AED 650.\r"
        },
        {
          "code": "$$$$",
          "desc": " Testing content 2\r"
        },
        {
          "code": "ICON",
          "desc": "Children 0-3 years old: complimentary."
        }
      ],
      "breakfast_included": false
    },
    {
      "guarantee_policy": {
        "policy_code": null,
        "policy_text": null
      },
      "plan_title": "Bed and Breakfast",
      "plan_code": "PBNB",
      "cancellation_policy": {
        "offset_deadline_time_unit": "Day",
        "offset_deadline_time_unit_multiplier": 7,
        "policy_code": "7DAYS-100PCT",
        "penalty_inclusive_tax": true,
        "penalty_percentage": 100,
        "offset_deadline_time": "BeforeArrival",
        "policy_text": "Reservation must be cancelled 7 days prior to arrival to avoid penalty of 100% stay including tax"
      },
      "plan_desc": "MEAL|Buffet breakfast included</n>\r\nWIFI|Complimentary Wi-Fi</n>\r\nWADI|Free unlimited access to Wild Wadi waterpark™</n>\r\nPARK|Free parking",
      "plan_features": [
        {
          "code": "MEAL",
          "desc": "Buffet breakfast included\r"
        },
        {
          "code": "WIFI",
          "desc": "Complimentary Wi-Fi\r"
        },
        {
          "code": "WADI",
          "desc": "Free unlimited access to Wild Wadi waterpark™\r"
        },
        {
          "code": "PARK",
          "desc": "Free parking"
        }
      ],
      "breakfast_included": true
    },
    {
      "guarantee_policy": {
        "policy_code": null,
        "policy_text": null
      },
      "plan_title": "Jumeirah Flavours",
      "plan_code": "LPSGO0",
      "cancellation_policy": {
        "offset_deadline_time_unit": "Day",
        "offset_deadline_time_unit_multiplier": 7,
        "policy_code": "7DAYS-100PCT",
        "penalty_inclusive_tax": true,
        "penalty_percentage": 100,
        "offset_deadline_time": "BeforeArrival",
        "policy_text": "Reservation must be cancelled 7 days prior to arrival to avoid penalty of 100% stay including tax"
      },
      "plan_desc": "MEAL|Breakfast included. Choice of lunch or dinner in over 40 participating restaurants in Dubai</n>\r\nWIFI|Complimentary Wi-Fi</n>\r\nWADI|Free unlimited access to Wild Wadi waterpark™</n>\r\nPARK|Free parking",
      "plan_features": [
        {
          "code": "MEAL",
          "desc": "Breakfast included. Choice of lunch or dinner in over 40 participating restaurants in Dubai\r"
        },
        {
          "code": "WIFI",
          "desc": "Complimentary Wi-Fi\r"
        },
        {
          "code": "WADI",
          "desc": "Free unlimited access to Wild Wadi waterpark™\r"
        },
        {
          "code": "PARK",
          "desc": "Free parking"
        }
      ],
      "breakfast_included": true
    }
  ],
  "success": true,
  "availablity_price": [
    {
      "room_type_code": "K1DAA",
      "available_plans": [
        {
          "guarantee_policy": {
            "deadline_time_unit_multiplier": 0,
            "deadline_time_unit": "Day",
            "policy_code": "DN-100PCT",
            "guarantee_amount": 3234,
            "deadline_time": "AfterBooking",
            "policy_text": "A non-refundable deposit for all nights including taxes will be charged to your credit card at the time of booking",
            "currency_code": "AED"
          },
          "rate_plan_name": "Advance Purchase Rate",
          "total_amount_after_tax": 3234,
          "rate_plan_desc": "WIFI|Complimentary Wi-Fi</n>\r\nWADI|Free unlimited access to Wild Wadi waterpark™</n>\r\nPARK|Free parking",
          "taxes": [
            {
              "ota_tax_code": 14,
              "date": "2020-12-23Z",
              "amount": 140,
              "tax_name": "Service Charge",
              "charge_frequency": 1
            },
            {
              "ota_tax_code": 1,
              "date": "2020-12-23Z",
              "amount": 77,
              "tax_name": "Value Added Tax",
              "charge_frequency": 1
            }
          ],
          "rate_plan_code": "DAPR",
          "total_tax_amount": 434,
          "cancellation_policy": {
            "offset_deadline_time_unit": "Day",
            "penalty_amount": 3234,
            "offset_deadline_time_unit_multiplier": 7,
            "policy_code": "7DAYS-100PCT",
            "penalty_inclusive_tax": true,
            "offset_deadline_time": "BeforeArrival",
            "policy_text": "Reservation must be cancelled 7 days prior to arrival to avoid penalty of 100% stay including tax",
            "currency_code": "AED",
            "cancellation_allowed": true
          },
          "promo_code_applied": false,
          "total_amount_before_tax": 2800,
          "nightly_rates": [
            {
              "date": "2020-12-23Z",
              "total": 1617,
              "price": 1400,
              "fee": 0,
              "tax": 217
            },
            {
              "date": "2020-12-24Z",
              "total": 1617,
              "price": 1400,
              "fee": 0,
              "tax": 217
            }
          ],
          "currency_code": "AED"
        },
        {
          "guarantee_policy": {
            "policy_code": null,
            "policy_text": null
          },
          "rate_plan_name": "Best Available Rate",
          "total_amount_after_tax": 2772,
          "rate_plan_desc": "WADI|Free unlimited access to Wild Wadi waterpark™.</n>\r\nICON|Mandatory Gala Dinner will be charged separately for all stays over 31 December 2019 directly at the hotel. Gala dinner prices include taxes.</n>\r\n$$$$|Testing content 1</n>\r\nICON|Adults 16 years and above: starting from AED 1,300.</n>\r\nICON|Children 4-15 years old: starting from AED 650.</n>\r\n$$$$| Testing content 2</n>\r\nICON|Children 0-3 years old: complimentary.</n>",
          "taxes": [
            {
              "ota_tax_code": 14,
              "date": "2020-12-23Z",
              "amount": 120,
              "tax_name": "Service Charge",
              "charge_frequency": 1
            },
            {
              "ota_tax_code": 1,
              "date": "2020-12-23Z",
              "amount": 66,
              "tax_name": "Value Added Tax",
              "charge_frequency": 1
            }
          ],
          "rate_plan_code": "BBAR",
          "total_tax_amount": 372,
          "cancellation_policy": {
            "offset_deadline_time_unit": "Day",
            "penalty_amount": 2772,
            "offset_deadline_time_unit_multiplier": 7,
            "policy_code": "7DAYS-100PCT",
            "penalty_inclusive_tax": true,
            "offset_deadline_time": "BeforeArrival",
            "policy_text": "Reservation must be cancelled 7 days prior to arrival to avoid penalty of 100% stay including tax",
            "currency_code": "AED",
            "cancellation_allowed": true
          },
          "promo_code_applied": false,
          "total_amount_before_tax": 2400,
          "nightly_rates": [
            {
              "date": "2020-12-23Z",
              "total": 1386,
              "price": 1200,
              "fee": 0,
              "tax": 186
            },
            {
              "date": "2020-12-24Z",
              "total": 1386,
              "price": 1200,
              "fee": 0,
              "tax": 186
            }
          ],
          "currency_code": "AED"
        },
        {
          "guarantee_policy": {
            "policy_code": null,
            "policy_text": null
          },
          "rate_plan_name": "Bed and Breakfast",
          "total_amount_after_tax": 4764.38,
          "rate_plan_desc": "MEAL|Buffet breakfast included</n>\r\nWIFI|Complimentary Wi-Fi</n>\r\nWADI|Free unlimited access to Wild Wadi waterpark™</n>\r\nPARK|Free parking",
          "taxes": [
            {
              "ota_tax_code": 14,
              "date": "2020-12-23Z",
              "amount": 206.25,
              "tax_name": "Service Charge",
              "charge_frequency": 1
            },
            {
              "ota_tax_code": 1,
              "date": "2020-12-23Z",
              "amount": 113.44,
              "tax_name": "Value Added Tax",
              "charge_frequency": 1
            }
          ],
          "rate_plan_code": "PBNB",
          "total_tax_amount": 639.38,
          "cancellation_policy": {
            "offset_deadline_time_unit": "Day",
            "penalty_amount": 4764.38,
            "offset_deadline_time_unit_multiplier": 7,
            "policy_code": "7DAYS-100PCT",
            "penalty_inclusive_tax": true,
            "offset_deadline_time": "BeforeArrival",
            "policy_text": "Reservation must be cancelled 7 days prior to arrival to avoid penalty of 100% stay including tax",
            "currency_code": "AED",
            "cancellation_allowed": true
          },
          "promo_code_applied": false,
          "total_amount_before_tax": 4125,
          "nightly_rates": [
            {
              "date": "2020-12-23Z",
              "total": 2382.19,
              "price": 2062.5,
              "fee": 0,
              "tax": 319.69
            },
            {
              "date": "2020-12-24Z",
              "total": 2382.19,
              "price": 2062.5,
              "fee": 0,
              "tax": 319.69
            }
          ],
          "currency_code": "AED"
        },
        {
          "guarantee_policy": {
            "policy_code": null,
            "policy_text": null
          },
          "rate_plan_name": "Jumeirah Flavours",
          "total_amount_after_tax": 2772,
          "rate_plan_desc": "MEAL|Breakfast included. Choice of lunch or dinner in over 40 participating restaurants in Dubai</n>\r\nWIFI|Complimentary Wi-Fi</n>\r\nWADI|Free unlimited access to Wild Wadi waterpark™</n>\r\nPARK|Free parking",
          "taxes": [
            {
              "ota_tax_code": 14,
              "date": "2020-12-23Z",
              "amount": 120,
              "tax_name": "Service Charge",
              "charge_frequency": 1
            },
            {
              "ota_tax_code": 1,
              "date": "2020-12-23Z",
              "amount": 66,
              "tax_name": "Value Added Tax",
              "charge_frequency": 1
            }
          ],
          "rate_plan_code": "LPSGO0",
          "total_tax_amount": 372,
          "cancellation_policy": {
            "offset_deadline_time_unit": "Day",
            "penalty_amount": 2772,
            "offset_deadline_time_unit_multiplier": 7,
            "policy_code": "7DAYS-100PCT",
            "penalty_inclusive_tax": true,
            "offset_deadline_time": "BeforeArrival",
            "policy_text": "Reservation must be cancelled 7 days prior to arrival to avoid penalty of 100% stay including tax",
            "currency_code": "AED",
            "cancellation_allowed": true
          },
          "promo_code_applied": false,
          "total_amount_before_tax": 2400,
          "nightly_rates": [
            {
              "date": "2020-12-23Z",
              "total": 1386,
              "price": 1200,
              "fee": 0,
              "tax": 186
            },
            {
              "date": "2020-12-24Z",
              "total": 1386,
              "price": 1200,
              "fee": 0,
              "tax": 186
            }
          ],
          "currency_code": "AED"
        }
      ]
    },
    {
      "room_type_code": "K1DOA",
      "available_plans": [
        {
          "guarantee_policy": {
            "deadline_time_unit_multiplier": 0,
            "deadline_time_unit": "Day",
            "policy_code": "DN-100PCT",
            "guarantee_amount": 3465,
            "deadline_time": "AfterBooking",
            "policy_text": "A non-refundable deposit for all nights including taxes will be charged to your credit card at the time of booking",
            "currency_code": "AED"
          },
          "rate_plan_name": "Advance Purchase Rate",
          "total_amount_after_tax": 3465,
          "rate_plan_desc": "WIFI|Complimentary Wi-Fi</n>\r\nWADI|Free unlimited access to Wild Wadi waterpark™</n>\r\nPARK|Free parking",
          "taxes": [
            {
              "ota_tax_code": 14,
              "date": "2020-12-23Z",
              "amount": 150,
              "tax_name": "Service Charge",
              "charge_frequency": 1
            },
            {
              "ota_tax_code": 1,
              "date": "2020-12-23Z",
              "amount": 82.5,
              "tax_name": "Value Added Tax",
              "charge_frequency": 1
            }
          ],
          "rate_plan_code": "DAPR",
          "total_tax_amount": 465,
          "cancellation_policy": {
            "offset_deadline_time_unit": "Day",
            "penalty_amount": 3465,
            "offset_deadline_time_unit_multiplier": 7,
            "policy_code": "7DAYS-100PCT",
            "penalty_inclusive_tax": true,
            "offset_deadline_time": "BeforeArrival",
            "policy_text": "Reservation must be cancelled 7 days prior to arrival to avoid penalty of 100% stay including tax",
            "currency_code": "AED",
            "cancellation_allowed": true
          },
          "promo_code_applied": false,
          "total_amount_before_tax": 3000,
          "nightly_rates": [
            {
              "date": "2020-12-23Z",
              "total": 1732.5,
              "price": 1500,
              "fee": 0,
              "tax": 232.5
            },
            {
              "date": "2020-12-24Z",
              "total": 1732.5,
              "price": 1500,
              "fee": 0,
              "tax": 232.5
            }
          ],
          "currency_code": "AED"
        },
        {
          "guarantee_policy": {
            "policy_code": null,
            "policy_text": null
          },
          "rate_plan_name": "Best Available Rate",
          "total_amount_after_tax": 3003,
          "rate_plan_desc": "WADI|Free unlimited access to Wild Wadi waterpark™.</n>\r\nICON|Mandatory Gala Dinner will be charged separately for all stays over 31 December 2019 directly at the hotel. Gala dinner prices include taxes.</n>\r\n$$$$|Testing content 1</n>\r\nICON|Adults 16 years and above: starting from AED 1,300.</n>\r\nICON|Children 4-15 years old: starting from AED 650.</n>\r\n$$$$| Testing content 2</n>\r\nICON|Children 0-3 years old: complimentary.</n>",
          "taxes": [
            {
              "ota_tax_code": 14,
              "date": "2020-12-23Z",
              "amount": 130,
              "tax_name": "Service Charge",
              "charge_frequency": 1
            },
            {
              "ota_tax_code": 1,
              "date": "2020-12-23Z",
              "amount": 71.5,
              "tax_name": "Value Added Tax",
              "charge_frequency": 1
            }
          ],
          "rate_plan_code": "BBAR",
          "total_tax_amount": 403,
          "cancellation_policy": {
            "offset_deadline_time_unit": "Day",
            "penalty_amount": 3003,
            "offset_deadline_time_unit_multiplier": 7,
            "policy_code": "7DAYS-100PCT",
            "penalty_inclusive_tax": true,
            "offset_deadline_time": "BeforeArrival",
            "policy_text": "Reservation must be cancelled 7 days prior to arrival to avoid penalty of 100% stay including tax",
            "currency_code": "AED",
            "cancellation_allowed": true
          },
          "promo_code_applied": false,
          "total_amount_before_tax": 2600,
          "nightly_rates": [
            {
              "date": "2020-12-23Z",
              "total": 1501.5,
              "price": 1300,
              "fee": 0,
              "tax": 201.5
            },
            {
              "date": "2020-12-24Z",
              "total": 1501.5,
              "price": 1300,
              "fee": 0,
              "tax": 201.5
            }
          ],
          "currency_code": "AED"
        },
        {
          "guarantee_policy": {
            "policy_code": null,
            "policy_text": null
          },
          "rate_plan_name": "Bed and Breakfast",
          "total_amount_after_tax": 5053.12,
          "rate_plan_desc": "MEAL|Buffet breakfast included</n>\r\nWIFI|Complimentary Wi-Fi</n>\r\nWADI|Free unlimited access to Wild Wadi waterpark™</n>\r\nPARK|Free parking",
          "taxes": [
            {
              "ota_tax_code": 14,
              "date": "2020-12-23Z",
              "amount": 218.75,
              "tax_name": "Service Charge",
              "charge_frequency": 1
            },
            {
              "ota_tax_code": 1,
              "date": "2020-12-23Z",
              "amount": 120.31,
              "tax_name": "Value Added Tax",
              "charge_frequency": 1
            }
          ],
          "rate_plan_code": "PBNB",
          "total_tax_amount": 678.12,
          "cancellation_policy": {
            "offset_deadline_time_unit": "Day",
            "penalty_amount": 5053.12,
            "offset_deadline_time_unit_multiplier": 7,
            "policy_code": "7DAYS-100PCT",
            "penalty_inclusive_tax": true,
            "offset_deadline_time": "BeforeArrival",
            "policy_text": "Reservation must be cancelled 7 days prior to arrival to avoid penalty of 100% stay including tax",
            "currency_code": "AED",
            "cancellation_allowed": true
          },
          "promo_code_applied": false,
          "total_amount_before_tax": 4375,
          "nightly_rates": [
            {
              "date": "2020-12-23Z",
              "total": 2526.56,
              "price": 2187.5,
              "fee": 0,
              "tax": 339.06
            },
            {
              "date": "2020-12-24Z",
              "total": 2526.56,
              "price": 2187.5,
              "fee": 0,
              "tax": 339.06
            }
          ],
          "currency_code": "AED"
        },
        {
          "guarantee_policy": {
            "policy_code": null,
            "policy_text": null
          },
          "rate_plan_name": "Jumeirah Flavours",
          "total_amount_after_tax": 3003,
          "rate_plan_desc": "MEAL|Breakfast included. Choice of lunch or dinner in over 40 participating restaurants in Dubai</n>\r\nWIFI|Complimentary Wi-Fi</n>\r\nWADI|Free unlimited access to Wild Wadi waterpark™</n>\r\nPARK|Free parking",
          "taxes": [
            {
              "ota_tax_code": 14,
              "date": "2020-12-23Z",
              "amount": 130,
              "tax_name": "Service Charge",
              "charge_frequency": 1
            },
            {
              "ota_tax_code": 1,
              "date": "2020-12-23Z",
              "amount": 71.5,
              "tax_name": "Value Added Tax",
              "charge_frequency": 1
            }
          ],
          "rate_plan_code": "LPSGO0",
          "total_tax_amount": 403,
          "cancellation_policy": {
            "offset_deadline_time_unit": "Day",
            "penalty_amount": 3003,
            "offset_deadline_time_unit_multiplier": 7,
            "policy_code": "7DAYS-100PCT",
            "penalty_inclusive_tax": true,
            "offset_deadline_time": "BeforeArrival",
            "policy_text": "Reservation must be cancelled 7 days prior to arrival to avoid penalty of 100% stay including tax",
            "currency_code": "AED",
            "cancellation_allowed": true
          },
          "promo_code_applied": false,
          "total_amount_before_tax": 2600,
          "nightly_rates": [
            {
              "date": "2020-12-23Z",
              "total": 1501.5,
              "price": 1300,
              "fee": 0,
              "tax": 201.5
            },
            {
              "date": "2020-12-24Z",
              "total": 1501.5,
              "price": 1300,
              "fee": 0,
              "tax": 201.5
            }
          ],
          "currency_code": "AED"
        }
      ]
    },
    {
      "room_type_code": "Z1JAA",
      "available_plans": [
        {
          "guarantee_policy": {
            "policy_code": null,
            "policy_text": null
          },
          "rate_plan_name": "Best Available Rate",
          "total_amount_after_tax": 4620,
          "rate_plan_desc": "WADI|Free unlimited access to Wild Wadi waterpark™.</n>\r\nICON|Mandatory Gala Dinner will be charged separately for all stays over 31 December 2019 directly at the hotel. Gala dinner prices include taxes.</n>\r\n$$$$|Testing content 1</n>\r\nICON|Adults 16 years and above: starting from AED 1,300.</n>\r\nICON|Children 4-15 years old: starting from AED 650.</n>\r\n$$$$| Testing content 2</n>\r\nICON|Children 0-3 years old: complimentary.</n>",
          "taxes": [
            {
              "ota_tax_code": 14,
              "date": "2020-12-23Z",
              "amount": 200,
              "tax_name": "Service Charge",
              "charge_frequency": 1
            },
            {
              "ota_tax_code": 1,
              "date": "2020-12-23Z",
              "amount": 110,
              "tax_name": "Value Added Tax",
              "charge_frequency": 1
            }
          ],
          "rate_plan_code": "BBAR",
          "total_tax_amount": 620,
          "cancellation_policy": {
            "offset_deadline_time_unit": "Day",
            "penalty_amount": 4620,
            "offset_deadline_time_unit_multiplier": 7,
            "policy_code": "7DAYS-100PCT",
            "penalty_inclusive_tax": true,
            "offset_deadline_time": "BeforeArrival",
            "policy_text": "Reservation must be cancelled 7 days prior to arrival to avoid penalty of 100% stay including tax",
            "currency_code": "AED",
            "cancellation_allowed": true
          },
          "promo_code_applied": false,
          "total_amount_before_tax": 4000,
          "nightly_rates": [
            {
              "date": "2020-12-23Z",
              "total": 2310,
              "price": 2000,
              "fee": 0,
              "tax": 310
            },
            {
              "date": "2020-12-24Z",
              "total": 2310,
              "price": 2000,
              "fee": 0,
              "tax": 310
            }
          ],
          "currency_code": "AED"
        },
        {
          "guarantee_policy": {
            "policy_code": null,
            "policy_text": null
          },
          "rate_plan_name": "Jumeirah Flavours",
          "total_amount_after_tax": 4620,
          "rate_plan_desc": "MEAL|Breakfast included. Choice of lunch or dinner in over 40 participating restaurants in Dubai</n>\r\nWIFI|Complimentary Wi-Fi</n>\r\nWADI|Free unlimited access to Wild Wadi waterpark™</n>\r\nPARK|Free parking",
          "taxes": [
            {
              "ota_tax_code": 14,
              "date": "2020-12-23Z",
              "amount": 200,
              "tax_name": "Service Charge",
              "charge_frequency": 1
            },
            {
              "ota_tax_code": 1,
              "date": "2020-12-23Z",
              "amount": 110,
              "tax_name": "Value Added Tax",
              "charge_frequency": 1
            }
          ],
          "rate_plan_code": "LPSGO0",
          "total_tax_amount": 620,
          "cancellation_policy": {
            "offset_deadline_time_unit": "Day",
            "penalty_amount": 4620,
            "offset_deadline_time_unit_multiplier": 7,
            "policy_code": "7DAYS-100PCT",
            "penalty_inclusive_tax": true,
            "offset_deadline_time": "BeforeArrival",
            "policy_text": "Reservation must be cancelled 7 days prior to arrival to avoid penalty of 100% stay including tax",
            "currency_code": "AED",
            "cancellation_allowed": true
          },
          "promo_code_applied": false,
          "total_amount_before_tax": 4000,
          "nightly_rates": [
            {
              "date": "2020-12-23Z",
              "total": 2310,
              "price": 2000,
              "fee": 0,
              "tax": 310
            },
            {
              "date": "2020-12-24Z",
              "total": 2310,
              "price": 2000,
              "fee": 0,
              "tax": 310
            }
          ],
          "currency_code": "AED"
        }
      ]
    },
    {
      "room_type_code": "Z1JOA",
      "available_plans": [
        {
          "guarantee_policy": {
            "policy_code": null,
            "policy_text": null
          },
          "rate_plan_name": "Best Available Rate",
          "total_amount_after_tax": 5082,
          "rate_plan_desc": "WADI|Free unlimited access to Wild Wadi waterpark™.</n>\r\nICON|Mandatory Gala Dinner will be charged separately for all stays over 31 December 2019 directly at the hotel. Gala dinner prices include taxes.</n>\r\n$$$$|Testing content 1</n>\r\nICON|Adults 16 years and above: starting from AED 1,300.</n>\r\nICON|Children 4-15 years old: starting from AED 650.</n>\r\n$$$$| Testing content 2</n>\r\nICON|Children 0-3 years old: complimentary.</n>",
          "taxes": [
            {
              "ota_tax_code": 14,
              "date": "2020-12-23Z",
              "amount": 220,
              "tax_name": "Service Charge",
              "charge_frequency": 1
            },
            {
              "ota_tax_code": 1,
              "date": "2020-12-23Z",
              "amount": 121,
              "tax_name": "Value Added Tax",
              "charge_frequency": 1
            }
          ],
          "rate_plan_code": "BBAR",
          "total_tax_amount": 682,
          "cancellation_policy": {
            "offset_deadline_time_unit": "Day",
            "penalty_amount": 5082,
            "offset_deadline_time_unit_multiplier": 7,
            "policy_code": "7DAYS-100PCT",
            "penalty_inclusive_tax": true,
            "offset_deadline_time": "BeforeArrival",
            "policy_text": "Reservation must be cancelled 7 days prior to arrival to avoid penalty of 100% stay including tax",
            "currency_code": "AED",
            "cancellation_allowed": true
          },
          "promo_code_applied": false,
          "total_amount_before_tax": 4400,
          "nightly_rates": [
            {
              "date": "2020-12-23Z",
              "total": 2541,
              "price": 2200,
              "fee": 0,
              "tax": 341
            },
            {
              "date": "2020-12-24Z",
              "total": 2541,
              "price": 2200,
              "fee": 0,
              "tax": 341
            }
          ],
          "currency_code": "AED"
        }
      ]
    },
    {
      "room_type_code": "Z1AVA",
      "available_plans": [
        {
          "guarantee_policy": {
            "policy_code": null,
            "policy_text": null
          },
          "rate_plan_name": "Best Available Rate",
          "total_amount_after_tax": 11550,
          "rate_plan_desc": "WADI|Free unlimited access to Wild Wadi waterpark™.</n>\r\nICON|Mandatory Gala Dinner will be charged separately for all stays over 31 December 2019 directly at the hotel. Gala dinner prices include taxes.</n>\r\n$$$$|Testing content 1</n>\r\nICON|Adults 16 years and above: starting from AED 1,300.</n>\r\nICON|Children 4-15 years old: starting from AED 650.</n>\r\n$$$$| Testing content 2</n>\r\nICON|Children 0-3 years old: complimentary.</n>",
          "taxes": [
            {
              "ota_tax_code": 14,
              "date": "2020-12-23Z",
              "amount": 500,
              "tax_name": "Service Charge",
              "charge_frequency": 1
            },
            {
              "ota_tax_code": 1,
              "date": "2020-12-23Z",
              "amount": 275,
              "tax_name": "Value Added Tax",
              "charge_frequency": 1
            }
          ],
          "rate_plan_code": "BBAR",
          "total_tax_amount": 1550,
          "cancellation_policy": {
            "offset_deadline_time_unit": "Day",
            "penalty_amount": 11550,
            "offset_deadline_time_unit_multiplier": 7,
            "policy_code": "7DAYS-100PCT",
            "penalty_inclusive_tax": true,
            "offset_deadline_time": "BeforeArrival",
            "policy_text": "Reservation must be cancelled 7 days prior to arrival to avoid penalty of 100% stay including tax",
            "currency_code": "AED",
            "cancellation_allowed": true
          },
          "promo_code_applied": false,
          "total_amount_before_tax": 10000,
          "nightly_rates": [
            {
              "date": "2020-12-23Z",
              "total": 5775,
              "price": 5000,
              "fee": 0,
              "tax": 775
            },
            {
              "date": "2020-12-24Z",
              "total": 5775,
              "price": 5000,
              "fee": 0,
              "tax": 775
            }
          ],
          "currency_code": "AED"
        },
        {
          "guarantee_policy": {
            "policy_code": null,
            "policy_text": null
          },
          "rate_plan_name": "Jumeirah Flavours",
          "total_amount_after_tax": 11550,
          "rate_plan_desc": "MEAL|Breakfast included. Choice of lunch or dinner in over 40 participating restaurants in Dubai</n>\r\nWIFI|Complimentary Wi-Fi</n>\r\nWADI|Free unlimited access to Wild Wadi waterpark™</n>\r\nPARK|Free parking",
          "taxes": [
            {
              "ota_tax_code": 14,
              "date": "2020-12-23Z",
              "amount": 500,
              "tax_name": "Service Charge",
              "charge_frequency": 1
            },
            {
              "ota_tax_code": 1,
              "date": "2020-12-23Z",
              "amount": 275,
              "tax_name": "Value Added Tax",
              "charge_frequency": 1
            }
          ],
          "rate_plan_code": "LPSGO0",
          "total_tax_amount": 1550,
          "cancellation_policy": {
            "offset_deadline_time_unit": "Day",
            "penalty_amount": 11550,
            "offset_deadline_time_unit_multiplier": 7,
            "policy_code": "7DAYS-100PCT",
            "penalty_inclusive_tax": true,
            "offset_deadline_time": "BeforeArrival",
            "policy_text": "Reservation must be cancelled 7 days prior to arrival to avoid penalty of 100% stay including tax",
            "currency_code": "AED",
            "cancellation_allowed": true
          },
          "promo_code_applied": false,
          "total_amount_before_tax": 10000,
          "nightly_rates": [
            {
              "date": "2020-12-23Z",
              "total": 5775,
              "price": 5000,
              "fee": 0,
              "tax": 775
            },
            {
              "date": "2020-12-24Z",
              "total": 5775,
              "price": 5000,
              "fee": 0,
              "tax": 775
            }
          ],
          "currency_code": "AED"
        }
      ]
    },
    {
      "room_type_code": "Z1OVA",
      "available_plans": [
        {
          "guarantee_policy": {
            "policy_code": null,
            "policy_text": null
          },
          "rate_plan_name": "Best Available Rate",
          "total_amount_after_tax": 16170,
          "rate_plan_desc": "WADI|Free unlimited access to Wild Wadi waterpark™.</n>\r\nICON|Mandatory Gala Dinner will be charged separately for all stays over 31 December 2019 directly at the hotel. Gala dinner prices include taxes.</n>\r\n$$$$|Testing content 1</n>\r\nICON|Adults 16 years and above: starting from AED 1,300.</n>\r\nICON|Children 4-15 years old: starting from AED 650.</n>\r\n$$$$| Testing content 2</n>\r\nICON|Children 0-3 years old: complimentary.</n>",
          "taxes": [
            {
              "ota_tax_code": 14,
              "date": "2020-12-23Z",
              "amount": 700,
              "tax_name": "Service Charge",
              "charge_frequency": 1
            },
            {
              "ota_tax_code": 1,
              "date": "2020-12-23Z",
              "amount": 385,
              "tax_name": "Value Added Tax",
              "charge_frequency": 1
            }
          ],
          "rate_plan_code": "BBAR",
          "total_tax_amount": 2170,
          "cancellation_policy": {
            "penalty_amount": 16170,
            "policy_code": "NON-100PCT",
            "penalty_inclusive_tax": true,
            "policy_text": "Full prepayment at the time of booking. No refunds for any cancellation-modification or no-show. 100% cancellation fee",
            "currency_code": "AED",
            "cancellation_allowed": false
          },
          "promo_code_applied": false,
          "total_amount_before_tax": 14000,
          "nightly_rates": [
            {
              "date": "2020-12-23Z",
              "total": 8085,
              "price": 7000,
              "fee": 0,
              "tax": 1085
            },
            {
              "date": "2020-12-24Z",
              "total": 8085,
              "price": 7000,
              "fee": 0,
              "tax": 1085
            }
          ],
          "currency_code": "AED"
        },
        {
          "guarantee_policy": {
            "policy_code": null,
            "policy_text": null
          },
          "rate_plan_name": "Jumeirah Flavours",
          "total_amount_after_tax": 16170,
          "rate_plan_desc": "MEAL|Breakfast included. Choice of lunch or dinner in over 40 participating restaurants in Dubai</n>\r\nWIFI|Complimentary Wi-Fi</n>\r\nWADI|Free unlimited access to Wild Wadi waterpark™</n>\r\nPARK|Free parking",
          "taxes": [
            {
              "ota_tax_code": 14,
              "date": "2020-12-23Z",
              "amount": 700,
              "tax_name": "Service Charge",
              "charge_frequency": 1
            },
            {
              "ota_tax_code": 1,
              "date": "2020-12-23Z",
              "amount": 385,
              "tax_name": "Value Added Tax",
              "charge_frequency": 1
            }
          ],
          "rate_plan_code": "LPSGO0",
          "total_tax_amount": 2170,
          "cancellation_policy": {
            "offset_deadline_time_unit": "Day",
            "penalty_amount": 16170,
            "offset_deadline_time_unit_multiplier": 7,
            "policy_code": "7DAYS-100PCT",
            "penalty_inclusive_tax": true,
            "offset_deadline_time": "BeforeArrival",
            "policy_text": "Reservation must be cancelled 7 days prior to arrival to avoid penalty of 100% stay including tax",
            "currency_code": "AED",
            "cancellation_allowed": true
          },
          "promo_code_applied": false,
          "total_amount_before_tax": 14000,
          "nightly_rates": [
            {
              "date": "2020-12-23Z",
              "total": 8085,
              "price": 7000,
              "fee": 0,
              "tax": 1085
            },
            {
              "date": "2020-12-24Z",
              "total": 8085,
              "price": 7000,
              "fee": 0,
              "tax": 1085
            }
          ],
          "currency_code": "AED"
        }
      ]
    },
    {
      "room_type_code": "Z2POA",
      "available_plans": [
        {
          "guarantee_policy": {
            "policy_code": null,
            "policy_text": null
          },
          "rate_plan_name": "Best Available Rate",
          "total_amount_after_tax": 23100,
          "rate_plan_desc": "WADI|Free unlimited access to Wild Wadi waterpark™.</n>\r\nICON|Mandatory Gala Dinner will be charged separately for all stays over 31 December 2019 directly at the hotel. Gala dinner prices include taxes.</n>\r\n$$$$|Testing content 1</n>\r\nICON|Adults 16 years and above: starting from AED 1,300.</n>\r\nICON|Children 4-15 years old: starting from AED 650.</n>\r\n$$$$| Testing content 2</n>\r\nICON|Children 0-3 years old: complimentary.</n>",
          "taxes": [
            {
              "ota_tax_code": 14,
              "date": "2020-12-23Z",
              "amount": 1000,
              "tax_name": "Service Charge",
              "charge_frequency": 1
            },
            {
              "ota_tax_code": 1,
              "date": "2020-12-23Z",
              "amount": 550,
              "tax_name": "Value Added Tax",
              "charge_frequency": 1
            }
          ],
          "rate_plan_code": "BBAR",
          "total_tax_amount": 3100,
          "cancellation_policy": {
            "offset_deadline_time_unit": "Day",
            "penalty_amount": 23100,
            "offset_deadline_time_unit_multiplier": 7,
            "policy_code": "7DAYS-100PCT",
            "penalty_inclusive_tax": true,
            "offset_deadline_time": "BeforeArrival",
            "policy_text": "Reservation must be cancelled 7 days prior to arrival to avoid penalty of 100% stay including tax",
            "currency_code": "AED",
            "cancellation_allowed": true
          },
          "promo_code_applied": false,
          "total_amount_before_tax": 20000,
          "nightly_rates": [
            {
              "date": "2020-12-23Z",
              "total": 11550,
              "price": 10000,
              "fee": 0,
              "tax": 1550
            },
            {
              "date": "2020-12-24Z",
              "total": 11550,
              "price": 10000,
              "fee": 0,
              "tax": 1550
            }
          ],
          "currency_code": "AED"
        }
      ]
    }
  ]
}

10:42:41.748 [print]
10:42:41.793 [print] RoomTypeCode code is K1DAA
10:42:41.801 [print] RatePlanCode is DAPR
10:42:41.918 request:
1 > POST http://172.16.3.39:9090/hotels/book/v1/JAQ/reservations
1 > Accept-Encoding: gzip,deflate
1 > Connection: Keep-Alive
1 > Content-Length: 404
1 > Content-Type: application/json; charset=UTF-8
1 > Host: 172.16.3.39:9090
1 > User-Agent: Apache-HttpClient/4.5.12 (Java/1.8.0_241)
{"req_rooms":[{"room_type_code":"K1DAA","rate_plan_code":"DAPR","adults_count":"2","children_count":"0","infants_count":"0"}],"phone_no":"97150000000","card_security_code":"123","card_expiry_date":"925","card_number":"4.11E+15","card_holder_name":"name","last_name":"lastname","card_type":"VI","first_name":"firstName","email":"email@email.com","date_check_in":"2021-12-23","date_check_out":"2021-12-25"}

10:42:42.489 response time in milliseconds: 570.43
1 < 200
1 < Connection: keep-alive
1 < Content-Length: 170
1 < Content-Type: application/json; charset=utf-8
1 < Date: Sun, 21 Mar 2021 05:12:40 GMT
{"confirmation":[{"confirmation_code":"CIAOMWQ","room_type_code":"K1DAA","rate_plan_code":"LPSGO0","adults_count":2,"children_count":0,"infants_count":0}],"success":true}

10:42:42.491 [print] Response is:  {
  "success": true,
  "confirmation": [
    {
      "confirmation_code": "CIAOMWQ",
      "adults_count": 2,
      "room_type_code": "K1DAA",
      "children_count": 0,
      "rate_plan_code": "LPSGO0",
      "infants_count": 0
    }
  ]
}

10:42:42.491 [print]
    "infants_count": 0
    }
  ]
}

10:30:40.495 [print]
t": 0
    }
  ]
}

10:24:18.487 [print]

1:07:56.840 assertion failed: path: $.response.confirmation[0].adults_count, actual: 2, expected: '2', reason: actual value is not a string
